<?xml version="1.0" encoding="UTF-8"?>
<!-- Generated by org.testng.reporters.JUnitReportReporter -->
<testsuite hostname="HYD-5CG2248276" failures="0" tests="10" name="com.ps.automation.tests.ProductDetailTests" time="197.060" errors="0" timestamp="2025-10-07T17:33:40 IST" skipped="0">
  <testcase classname="com.ps.automation.tests.ProductDetailTests" name="verifyProductDetailPageLoad" time="10.962"/>
  <testcase classname="com.ps.automation.tests.ProductDetailTests" name="verifyProductDetailPageLoad" time="19.549"/>
  <testcase classname="com.ps.automation.tests.ProductDetailTests" name="verifyProductTitleAndPrice" time="16.154"/>
  <testcase classname="com.ps.automation.tests.ProductDetailTests" name="verifyProductTitleAndPrice" time="18.959"/>
  <testcase classname="com.ps.automation.tests.ProductDetailTests" name="verifyProductImage" time="22.920"/>
  <testcase classname="com.ps.automation.tests.ProductDetailTests" name="verifyProductImage" time="21.909"/>
  <testcase classname="com.ps.automation.tests.ProductDetailTests" name="verifySizeAndQuantityDropdowns" time="17.594"/>
  <testcase classname="com.ps.automation.tests.ProductDetailTests" name="verifySizeAndQuantityDropdowns" time="17.741"/>
  <testcase classname="com.ps.automation.tests.ProductDetailTests" name="verifyAddToCartFunctionality" time="21.535"/>
  <testcase classname="com.ps.automation.tests.ProductDetailTests" name="verifyAddToCartFunctionality" time="29.737"/>
</testsuite> <!-- com.ps.automation.tests.ProductDetailTests -->
