<?xml version="1.0" encoding="UTF-8"?>
<!-- Generated by org.testng.reporters.JUnitReportReporter -->
<testsuite hostname="HYD-5CG2248276" failures="0" tests="10" name="com.ps.automation.tests.HomePageTests" time="111.405" errors="0" timestamp="2025-10-07T17:33:39 IST" skipped="0">
  <testcase classname="com.ps.automation.tests.HomePageTests" name="verifyHomePageLoads" time="10.211"/>
  <testcase classname="com.ps.automation.tests.HomePageTests" name="verifyHomePageLoads" time="12.009"/>
  <testcase classname="com.ps.automation.tests.HomePageTests" name="verifyNavigationMenuItems" time="10.371"/>
  <testcase classname="com.ps.automation.tests.HomePageTests" name="verifyNavigationMenuItems" time="12.138"/>
  <testcase classname="com.ps.automation.tests.HomePageTests" name="verifyProductCategoriesDisplay" time="9.078"/>
  <testcase classname="com.ps.automation.tests.HomePageTests" name="verifyProductCategoriesDisplay" time="9.911"/>
  <testcase classname="com.ps.automation.tests.HomePageTests" name="verifySearchFunctionality" time="13.406"/>
  <testcase classname="com.ps.automation.tests.HomePageTests" name="verifySearchFunctionality" time="10.454"/>
  <testcase classname="com.ps.automation.tests.HomePageTests" name="verifyFeaturedProductsSection" time="13.907"/>
  <testcase classname="com.ps.automation.tests.HomePageTests" name="verifyFeaturedProductsSection" time="9.920"/>
</testsuite> <!-- com.ps.automation.tests.HomePageTests -->
