<?xml version="1.0" encoding="UTF-8"?>
<!-- Generated by org.testng.reporters.JUnitReportReporter -->
<testsuite hostname="HYD-5CG2248276" failures="0" tests="10" name="com.ps.automation.tests.ProductTests" time="87.793" errors="0" timestamp="2025-10-07T17:33:39 IST" skipped="0">
  <testcase classname="com.ps.automation.tests.ProductTests" name="verifyProductGridDisplay" time="8.225"/>
  <testcase classname="com.ps.automation.tests.ProductTests" name="verifyProductGridDisplay" time="16.945"/>
  <testcase classname="com.ps.automation.tests.ProductTests" name="verifyMensOuterwearCategory" time="4.110"/>
  <testcase classname="com.ps.automation.tests.ProductTests" name="verifyMensOuterwearCategory" time="2.628"/>
  <testcase classname="com.ps.automation.tests.ProductTests" name="verifyLadiesOuterwearCategory" time="3.018"/>
  <testcase classname="com.ps.automation.tests.ProductTests" name="verifyLadiesOuterwearCategory" time="3.111"/>
  <testcase classname="com.ps.automation.tests.ProductTests" name="verifyProductTitlesNotEmpty" time="7.616"/>
  <testcase classname="com.ps.automation.tests.ProductTests" name="verifyProductTitlesNotEmpty" time="7.962"/>
  <testcase classname="com.ps.automation.tests.ProductTests" name="verifyProductSelection" time="12.983"/>
  <testcase classname="com.ps.automation.tests.ProductTests" name="verifyProductSelection" time="21.195"/>
</testsuite> <!-- com.ps.automation.tests.ProductTests -->
