<?xml version="1.0" encoding="UTF-8"?>
<!-- Generated by org.testng.reporters.JUnitReportReporter -->
<testsuite hostname="HYD-5CG2248276" failures="0" tests="10" name="com.ps.automation.tests.CheckoutTests" time="302.973" errors="0" timestamp="2025-10-07T17:33:39 IST" skipped="0">
  <testcase classname="com.ps.automation.tests.CheckoutTests" name="verifyCheckoutNavigation" time="38.485"/>
  <testcase classname="com.ps.automation.tests.CheckoutTests" name="verifyCheckoutNavigation" time="37.567"/>
  <testcase classname="com.ps.automation.tests.CheckoutTests" name="verifyCheckoutPageLoads" time="20.111"/>
  <testcase classname="com.ps.automation.tests.CheckoutTests" name="verifyCheckoutPageLoads" time="21.817"/>
  <testcase classname="com.ps.automation.tests.CheckoutTests" name="verifyCheckoutFormPresent" time="35.431"/>
  <testcase classname="com.ps.automation.tests.CheckoutTests" name="verifyCheckoutFormPresent" time="36.983"/>
  <testcase classname="com.ps.automation.tests.CheckoutTests" name="verifyCheckoutAccessibleWithItems" time="37.426"/>
  <testcase classname="com.ps.automation.tests.CheckoutTests" name="verifyCheckoutAccessibleWithItems" time="38.377"/>
  <testcase classname="com.ps.automation.tests.CheckoutTests" name="verifyCheckoutURL" time="16.854"/>
  <testcase classname="com.ps.automation.tests.CheckoutTests" name="verifyCheckoutURL" time="19.922"/>
</testsuite> <!-- com.ps.automation.tests.CheckoutTests -->
