<?xml version="1.0" encoding="UTF-8"?>
<!-- Generated by org.testng.reporters.JUnitReportReporter -->
<testsuite hostname="HYD-5CG2248276" failures="0" tests="10" name="com.ps.automation.tests.CartTests" time="350.060" errors="0" timestamp="2025-10-07T17:33:39 IST" skipped="0">
  <testcase classname="com.ps.automation.tests.CartTests" name="verifyCartFunctionalityAvailable" time="34.330"/>
  <testcase classname="com.ps.automation.tests.CartTests" name="verifyCartFunctionalityAvailable" time="31.716"/>
  <testcase classname="com.ps.automation.tests.CartTests" name="verifyAddingProductsToCart" time="34.290"/>
  <testcase classname="com.ps.automation.tests.CartTests" name="verifyAddingProductsToCart" time="32.581"/>
  <testcase classname="com.ps.automation.tests.CartTests" name="verifyCartCountUpdates" time="34.267"/>
  <testcase classname="com.ps.automation.tests.CartTests" name="verifyCartCountUpdates" time="35.129"/>
  <testcase classname="com.ps.automation.tests.CartTests" name="verifyEmptyCartState" time="17.049"/>
  <testcase classname="com.ps.automation.tests.CartTests" name="verifyEmptyCartState" time="17.683"/>
  <testcase classname="com.ps.automation.tests.CartTests" name="verifyMultipleProductsAddition" time="56.432"/>
  <testcase classname="com.ps.automation.tests.CartTests" name="verifyMultipleProductsAddition" time="56.583"/>
</testsuite> <!-- com.ps.automation.tests.CartTests -->
